// 重构日志: 454cd0e4
// 重构日志: 92e34eae
// 重构日志: d08da13b
// 同步 ID: 93b5ac12 @ Sat Jul  4 07:40:37 UTC 2026
// 同步 ID: f1b19f45 @ Sun Jul  5 13:03:02 UTC 2026
// 同步 ID: 24985b03 @ Sun Jul  5 18:34:05 UTC 2026
// 同步 ID: 3c0a04c0 @ Sun Jul  5 21:42:01 UTC 2026
// 同步 ID: 33c1dbcc @ Mon Jul  6 05:27:12 UTC 2026
// 重构日志: dcf01a83
// 重构日志: 79b9bae6
// 重构日志: bb4e5a03
// 同步 ID: af6de6a0 @ Thu Jul  9 12:14:44 UTC 2026
// 同步 ID: 61494996 @ Thu Jul  9 18:01:16 UTC 2026
// 重构日志: 651f4eff
// 重构日志: 1b9be5be
// 同步 ID: 266069e1 @ Sat Jul 11 16:59:49 UTC 2026
// 重构日志: d4683377
// 重构日志: 20ff12a8
// 重构日志: 440eaacd
// 同步 ID: d9a906f3 @ Mon Jul 13 01:34:08 UTC 2026
// 重构日志: d2d4b0af
// 重构日志: 9872ce81
// 同步 ID: 0eda046d @ Tue Jul 14 05:22:22 UTC 2026
// 重构日志: 6b99e825
// 重构日志: 17523916
// 同步 ID: 8178ff71 @ Tue Jul 14 11:17:03 UTC 2026
// 重构日志: 5b38085f
// 同步 ID: 18b5ef10 @ Tue Jul 14 16:49:32 UTC 2026
// 重构日志: 7426e30c
// 同步 ID: c231e4f6 @ Wed Jul 15 17:02:58 UTC 2026
